Using pre-set license

 COMMAND LINE ARGUMENTS:
/Applications/Unity/Hub/Editor/2020.2.3f1/Unity.app/Contents/MacOS/Unity
-adb2
-batchMode
-noUpm
-name
AssetImportWorker0
-projectPath
/Users/sanshoutakumi/Desktop/unity/No TitlE
-logFile
Logs/AssetImportWorker0.log
-srvPort
63341
Successfully changed project path to: /Users/sanshoutakumi/Desktop/unity/No TitlE
/Users/sanshoutakumi/Desktop/unity/No TitlE
Using Asset Import Pipeline V2.
Refreshing native plugins compatible for Editor in 27.50 ms, found 1 plugins.
Preloading 0 native plugins for Editor in 0.00 ms.
Initialize engine version: 2020.2.3f1 (8ff31bc5bf5b)
[Subsystems] Discovering subsystems at path /Applications/Unity/Hub/Editor/2020.2.3f1/Unity.app/Contents/Resources/UnitySubsystems
[Subsystems] Discovering subsystems at path /Users/sanshoutakumi/Desktop/unity/No TitlE/Assets
GfxDevice: creating device client; threaded=0
2022-05-08 10:36:12.904 Unity[12979:786446] Color LCD preferred device: Intel(R) Iris(TM) Plus Graphics (low power)
2022-05-08 10:36:12.904 Unity[12979:786446] Metal devices available: 1
2022-05-08 10:36:12.904 Unity[12979:786446] 0: Intel(R) Iris(TM) Plus Graphics (low power)
2022-05-08 10:36:12.904 Unity[12979:786446] Using device Intel(R) Iris(TM) Plus Graphics (low power)
Initializing Metal device caps: Intel(R) Iris(TM) Plus Graphics
Initialize mono
Mono path[0] = '/Applications/Unity/Hub/Editor/2020.2.3f1/Unity.app/Contents/Managed'
Mono path[1] = '/Applications/Unity/Hub/Editor/2020.2.3f1/Unity.app/Contents/MonoBleedingEdge/lib/mono/unityjit'
Mono config path = '/Applications/Unity/Hub/Editor/2020.2.3f1/Unity.app/Contents/MonoBleedingEdge/etc'
Using monoOptions --debugger-agent=transport=dt_socket,embedding=1,server=y,suspend=n,address=127.0.0.1:56979
Begin MonoManager ReloadAssembly
Registering precompiled unity dll's ...
Register platform support module: /Applications/Unity/Hub/Editor/2020.2.3f1/PlaybackEngines/WebGLSupport/UnityEditor.WebGL.Extensions.dll
Register platform support module: /Applications/Unity/Hub/Editor/2020.2.3f1/Unity.app/Contents/PlaybackEngines/MacStandaloneSupport/UnityEditor.OSXStandalone.Extensions.dll
Registered in 0.000861 seconds.
Native extension for OSXStandalone target not found
Native extension for WebGL target not found
Refreshing native plugins compatible for Editor in 26.15 ms, found 1 plugins.
Preloading 0 native plugins for Editor in 0.00 ms.
Invoked RoslynAnalysisRunner static constructor.
RoslynAnalysisRunner will not be running.
RoslynAnalysisRunner has terminated.
Mono: successfully reloaded assembly
- Completed reload, in  2.890 seconds
Platform modules already initialized, skipping
Registering precompiled user dll's ...
Registered in 0.000457 seconds.
Begin MonoManager ReloadAssembly
Native extension for OSXStandalone target not found
Native extension for WebGL target not found
Refreshing native plugins compatible for Editor in 0.27 ms, found 1 plugins.
Preloading 0 native plugins for Editor in 0.00 ms.
Invoked RoslynAnalysisRunner static constructor.
RoslynAnalysisRunner will not be running.
RoslynAnalysisRunner has terminated.
Mono: successfully reloaded assembly
- Completed reload, in  1.073 seconds
Platform modules already initialized, skipping
========================================================================
Worker process is ready to serve import requests
Launching external process: /Applications/Unity/Hub/Editor/2020.2.3f1/Unity.app/Contents/Tools/UnityShaderCompiler
Launched and connected shader compiler UnityShaderCompiler after 0.02 seconds
Refreshing native plugins compatible for Editor in 0.22 ms, found 1 plugins.
Preloading 0 native plugins for Editor in 0.00 ms.
Unloading 1099 Unused Serialized files (Serialized files now loaded: 0)
System memory in use before: 110.0 MB.
System memory in use after: 110.0 MB.

Unloading 10 unused Assets to reduce memory usage. Loaded Objects now: 1540.
Total: 3.108193 ms (FindLiveObjects: 0.439227 ms CreateObjectMapping: 0.124334 ms MarkObjects: 2.395357 ms  DeleteObjects: 0.132825 ms)

========================================================================
Received Import Request.
  path: Assets/Scenes
  artifactKey: Guid(357e0f35c9a224f54ba32cf2d95c12ea) Importer(815301076,1909f56bfc062723c751e8b465ee728b)
Start importing Assets/Scenes using Guid(357e0f35c9a224f54ba32cf2d95c12ea) Importer(815301076,1909f56bfc062723c751e8b465ee728b)  -> (artifact id: '544b51ab54250789b91c6998536d7542') in 0.004965 seconds
  Import took 0.007224 seconds .

========================================================================
Received Import Request.
  Time since last request: 0.000254 seconds.
  path: Assets/Main.unity
  artifactKey: Guid(aa98ce32af5974dc5adc8cdd14ff2d8b) Importer(815301076,1909f56bfc062723c751e8b465ee728b)
Start importing Assets/Main.unity using Guid(aa98ce32af5974dc5adc8cdd14ff2d8b) Importer(815301076,1909f56bfc062723c751e8b465ee728b)  -> (artifact id: '093dee7cb618a89e30720ca299d063e4') in 0.016318 seconds
  Import took 0.019114 seconds .

========================================================================
Received Import Request.
  Time since last request: 13216.822514 seconds.
  path: Assets/Ladymito
  artifactKey: Guid(7c2f542de4fd246d198b80294cfd18db) Importer(815301076,1909f56bfc062723c751e8b465ee728b)
Start importing Assets/Ladymito using Guid(7c2f542de4fd246d198b80294cfd18db) Importer(815301076,1909f56bfc062723c751e8b465ee728b)  -> (artifact id: 'f20e4c27114e9b3dc90405be9dede628') in 0.003213 seconds
  Import took 0.006151 seconds .

========================================================================
Received Import Request.
  Time since last request: 3.847674 seconds.
  path: Assets/Ladymito/Free_cat
  artifactKey: Guid(9b9e4e31418ecbe46b884dbf6892122e) Importer(815301076,1909f56bfc062723c751e8b465ee728b)
Start importing Assets/Ladymito/Free_cat using Guid(9b9e4e31418ecbe46b884dbf6892122e) Importer(815301076,1909f56bfc062723c751e8b465ee728b)  -> (artifact id: '1f3103767a044516395022ee7ae8a620') in 0.001637 seconds
  Import took 0.004092 seconds .

========================================================================
Received Import Request.
  Time since last request: 3.181966 seconds.
  path: Assets/Ladymito/Free_cat/Models
  artifactKey: Guid(b1fcadf4723ef304c92f1787ac39e2c9) Importer(815301076,1909f56bfc062723c751e8b465ee728b)
Start importing Assets/Ladymito/Free_cat/Models using Guid(b1fcadf4723ef304c92f1787ac39e2c9) Importer(815301076,1909f56bfc062723c751e8b465ee728b)  -> (artifact id: '32e6d457be9a80cf6696bd7241f0604d') in 0.002140 seconds
  Import took 0.005489 seconds .

========================================================================
Received Import Request.
  Time since last request: 1.321882 seconds.
  path: Assets/Ladymito/Free_cat/Models/cat.fbx
  artifactKey: Guid(9b574434f73c46a4eb333235dd556599) Importer(815301076,1909f56bfc062723c751e8b465ee728b)
Start importing Assets/Ladymito/Free_cat/Models/cat.fbx using Guid(9b574434f73c46a4eb333235dd556599) Importer(815301076,1909f56bfc062723c751e8b465ee728b)  -> (artifact id: '7375b079777ea2c362ead04dd9e35a85') in 1.962424 seconds
  Import took 1.966311 seconds .

========================================================================
Received Import Request.
  Time since last request: 200.038580 seconds.
  path: Assets/FirstPersonCharacter
  artifactKey: Guid(9cf15444b4bba45e296329c0e7e58ec4) Importer(815301076,1909f56bfc062723c751e8b465ee728b)
Start importing Assets/FirstPersonCharacter using Guid(9cf15444b4bba45e296329c0e7e58ec4) Importer(815301076,1909f56bfc062723c751e8b465ee728b)  -> (artifact id: '445c603cada7e92e687bf5ac43698f42') in 0.002110 seconds
  Import took 0.004147 seconds .

========================================================================
Received Import Request.
  Time since last request: 2.489671 seconds.
  path: Assets/FirstPersonCharacter/Prefabs
  artifactKey: Guid(0bfb2599080d5d24e84362b4ae314ae7) Importer(815301076,1909f56bfc062723c751e8b465ee728b)
Start importing Assets/FirstPersonCharacter/Prefabs using Guid(0bfb2599080d5d24e84362b4ae314ae7) Importer(815301076,1909f56bfc062723c751e8b465ee728b)  -> (artifact id: '9083c5721f5ce763306ee9c07ff17770') in 0.001956 seconds
  Import took 0.004559 seconds .

========================================================================
Received Prepare
Registering precompiled user dll's ...
Registered in 0.000467 seconds.
Begin MonoManager ReloadAssembly
Native extension for OSXStandalone target not found
Native extension for WebGL target not found
Refreshing native plugins compatible for Editor in 0.19 ms, found 1 plugins.
Preloading 0 native plugins for Editor in 0.00 ms.
Invoked RoslynAnalysisRunner static constructor.
RoslynAnalysisRunner will not be running.
RoslynAnalysisRunner has terminated.
Mono: successfully reloaded assembly
- Completed reload, in  0.981 seconds
Platform modules already initialized, skipping
Refreshing native plugins compatible for Editor in 0.20 ms, found 1 plugins.
Preloading 0 native plugins for Editor in 0.00 ms.
Unloading 1094 Unused Serialized files (Serialized files now loaded: 0)
System memory in use before: 129.9 MB.
System memory in use after: 130.0 MB.

Unloading 5 unused Assets to reduce memory usage. Loaded Objects now: 1553.
Total: 1.720715 ms (FindLiveObjects: 0.157669 ms CreateObjectMapping: 0.035419 ms MarkObjects: 1.467491 ms  DeleteObjects: 0.058724 ms)

========================================================================
Received Import Request.
  Time since last request: 331.341689 seconds.
  path: Assets/Standard Assets/Characters
  artifactKey: Guid(8c32f58513a41ef4dab9cb7704c5fb92) Importer(815301076,1909f56bfc062723c751e8b465ee728b)
Start importing Assets/Standard Assets/Characters using Guid(8c32f58513a41ef4dab9cb7704c5fb92) Importer(815301076,1909f56bfc062723c751e8b465ee728b)  -> (artifact id: 'f80325842cf50cfb53833882392a87a6') in 0.006755 seconds
  Import took 0.009546 seconds .

========================================================================
Received Import Request.
  Time since last request: 0.006382 seconds.
  path: Assets/Standard Assets/Characters
  artifactKey: Guid(8c32f58513a41ef4dab9cb7704c5fb92) Importer(815301076,1909f56bfc062723c751e8b465ee728b)
Start importing Assets/Standard Assets/Characters using Guid(8c32f58513a41ef4dab9cb7704c5fb92) Importer(815301076,1909f56bfc062723c751e8b465ee728b)  -> (artifact id: 'f80325842cf50cfb53833882392a87a6') in 0.001420 seconds
  Import took 0.003677 seconds .

========================================================================
Received Import Request.
  Time since last request: 1.593460 seconds.
  path: Assets/Standard Assets/Characters/ThirdPersonCharacter
  artifactKey: Guid(8912f13e18e67bc478684ec30d73bc64) Importer(815301076,1909f56bfc062723c751e8b465ee728b)
Start importing Assets/Standard Assets/Characters/ThirdPersonCharacter using Guid(8912f13e18e67bc478684ec30d73bc64) Importer(815301076,1909f56bfc062723c751e8b465ee728b)  -> (artifact id: 'a0e6a1595e4b4714c4573f280f9be5af') in 0.001342 seconds
  Import took 0.004728 seconds .

========================================================================
Received Import Request.
  Time since last request: 3.537707 seconds.
  path: Assets/Standard Assets/Characters/ThirdPersonCharacter/Models
  artifactKey: Guid(aef224e1951a8274684081643c7fa672) Importer(815301076,1909f56bfc062723c751e8b465ee728b)
Start importing Assets/Standard Assets/Characters/ThirdPersonCharacter/Models using Guid(aef224e1951a8274684081643c7fa672) Importer(815301076,1909f56bfc062723c751e8b465ee728b)  -> (artifact id: '392d5b514670297df54d90152f5bcce2') in 0.001925 seconds
  Import took 0.005032 seconds .

========================================================================
Received Import Request.
  Time since last request: 6.662771 seconds.
  path: Assets/Standard Assets/Characters/ThirdPersonCharacter/Prefabs
  artifactKey: Guid(e09f07f9be24b2d4180a74a671348b5b) Importer(815301076,1909f56bfc062723c751e8b465ee728b)
Start importing Assets/Standard Assets/Characters/ThirdPersonCharacter/Prefabs using Guid(e09f07f9be24b2d4180a74a671348b5b) Importer(815301076,1909f56bfc062723c751e8b465ee728b)  -> (artifact id: '3aab132af0f2031b971270e42b13cf45') in 0.001376 seconds
  Import took 0.004490 seconds .

========================================================================
Received Import Request.
  Time since last request: 3.472986 seconds.
  path: Assets/Standard Assets/Characters/ThirdPersonCharacter/Prefabs/ThirdPersonController.prefab
  artifactKey: Guid(7737647c22c1fc64a88d5cd030c352ce) Importer(815301076,1909f56bfc062723c751e8b465ee728b)
Start importing Assets/Standard Assets/Characters/ThirdPersonCharacter/Prefabs/ThirdPersonController.prefab using Guid(7737647c22c1fc64a88d5cd030c352ce) Importer(815301076,1909f56bfc062723c751e8b465ee728b)  -> (artifact id: '3fd8625df3293030672c277d8715c431') in 1.061229 seconds
  Import took 1.068154 seconds .

========================================================================
Received Import Request.
  Time since last request: 0.000316 seconds.
  path: Assets/Standard Assets/Characters/ThirdPersonCharacter/Prefabs/AIThirdPersonController.prefab
  artifactKey: Guid(54eb5844754051b40a918a84c33b7c1a) Importer(815301076,1909f56bfc062723c751e8b465ee728b)
Start importing Assets/Standard Assets/Characters/ThirdPersonCharacter/Prefabs/AIThirdPersonController.prefab using Guid(54eb5844754051b40a918a84c33b7c1a) Importer(815301076,1909f56bfc062723c751e8b465ee728b)  -> (artifact id: '8e162aca50a51b1be90f4512bc76a30d') in 0.075297 seconds
  Import took 0.082058 seconds .

========================================================================
Received Import Request.
  Time since last request: 168.910021 seconds.
  path: Assets/Standard Assets
  artifactKey: Guid(c6195a43a0187a34e9c6be23520d3766) Importer(815301076,1909f56bfc062723c751e8b465ee728b)
Start importing Assets/Standard Assets using Guid(c6195a43a0187a34e9c6be23520d3766) Importer(815301076,1909f56bfc062723c751e8b465ee728b)  -> (artifact id: 'fa09bfbe95947856fefb5024fb9ad808') in 0.001284 seconds
  Import took 0.003225 seconds .

========================================================================
Received Import Request.
  Time since last request: 14.300887 seconds.
  path: Assets/Standard Assets/Characters/FirstPersonCharacter/FirstPersonCharacterGuidelines.txt
  artifactKey: Guid(bc9b000e9b8028247bd816e159382646) Importer(815301076,1909f56bfc062723c751e8b465ee728b)
Start importing Assets/Standard Assets/Characters/FirstPersonCharacter/FirstPersonCharacterGuidelines.txt using Guid(bc9b000e9b8028247bd816e159382646) Importer(815301076,1909f56bfc062723c751e8b465ee728b)  -> (artifact id: '7f4d2e251c896ea3b178dab689fb42df') in 3.247626 seconds
  Import took 3.249485 seconds .

========================================================================
Received Import Request.
  Time since last request: 1.599778 seconds.
  path: Assets/Standard Assets/Characters/FirstPersonCharacter/Scripts
  artifactKey: Guid(314f49b24dc9d5d40956a7b28c67b237) Importer(815301076,1909f56bfc062723c751e8b465ee728b)
Start importing Assets/Standard Assets/Characters/FirstPersonCharacter/Scripts using Guid(314f49b24dc9d5d40956a7b28c67b237) Importer(815301076,1909f56bfc062723c751e8b465ee728b)  -> (artifact id: 'b3cbb02cf3c4c9801b0f4cfec874b8a8') in 0.001325 seconds
  Import took 0.003326 seconds .

========================================================================
Received Import Request.
  Time since last request: 2.759254 seconds.
  path: Assets/Standard Assets/Characters/FirstPersonCharacter/Scripts/FirstPersonController.cs
  artifactKey: Guid(05ec5cf00ca181d45a42ba1870e148c3) Importer(815301076,1909f56bfc062723c751e8b465ee728b)
Start importing Assets/Standard Assets/Characters/FirstPersonCharacter/Scripts/FirstPersonController.cs using Guid(05ec5cf00ca181d45a42ba1870e148c3) Importer(815301076,1909f56bfc062723c751e8b465ee728b)  -> (artifact id: 'ab52ebaad3502066c741800516119b95') in 3.250223 seconds
  Import took 3.253013 seconds .

